Calling A4_Render(
	SceneNode:[name:root, id:0]
	Image(width:512, height:512)
	eye:  vec3(0.000000, 100.000000, 800.000000)
	view: vec3(0.000000, 0.000000, -800.000000)
	up:   vec3(0.000000, 1.000000, 0.000000)
	fovy: 50
	ambient: vec3(0.300000, 0.300000, 0.300000)
	lights{
		L[vec3(0.900000, 0.900000, 0.900000), vec3(-100.000000, 200.000000, 500.000000), 1, 0, 0]
	}
)
Good: 
Matrix begin
vec4(1.000000, -0.000000, 0.000000, -0.000000)
vec4(-0.000000, 0.998053, -0.062378, 0.000000)
vec4(0.000000, 0.062378, 0.998053, -0.000000)
vec4(0.000000, 100.000008, 800.000061, 1.000000)
Matrix end
Bad: 
Matrix begin
vec4(-1.000000, 0.000000, 0.000000, 0.000000)
vec4(-0.000000, -1.000000, -0.000000, 0.000000)
vec4(0.000000, 0.000000, -1.000000, 0.000000)
vec4(0.000000, 100.000000, 800.000000, 1.000000)
Matrix end
Calling A4_Render(
	SceneNode:[name:root, id:0]
	Image(width:512, height:512)
	eye:  vec3(0.000000, 100.000000, 800.000000)
	view: vec3(0.000000, 0.000000, -800.000000)
	up:   vec3(0.000000, 1.000000, 0.000000)
	fovy: 50
	ambient: vec3(0.300000, 0.300000, 0.300000)
	lights{
		L[vec3(0.900000, 0.900000, 0.900000), vec3(-100.000000, 200.000000, 500.000000), 1, 0, 0]
	}
)
Good: 
Matrix begin
vec4(1.000000, -0.000000, 0.000000, -0.000000)
vec4(-0.000000, 0.998053, -0.062378, 0.000000)
vec4(0.000000, 0.062378, 0.998053, -0.000000)
vec4(0.000000, 100.000008, 800.000061, 1.000000)
Matrix end
Bad: 
Matrix begin
vec4(-1.000000, 0.000000, 0.000000, 0.000000)
vec4(-0.000000, -1.000000, -0.000000, 0.000000)
vec4(0.000000, 0.000000, -1.000000, 0.000000)
vec4(0.000000, 100.000000, 800.000000, 1.000000)
Matrix end
Calling A4_Render(
	SceneNode:[name:root, id:0]
	Image(width:512, height:512)
	eye:  vec3(0.000000, 100.000000, 800.000000)
	view: vec3(0.000000, 0.000000, -800.000000)
	up:   vec3(0.000000, 1.000000, 0.000000)
	fovy: 50
	ambient: vec3(0.300000, 0.300000, 0.300000)
	lights{
		L[vec3(0.900000, 0.900000, 0.900000), vec3(-100.000000, 200.000000, 500.000000), 1, 0, 0]
	}
)
Good: 
Matrix begin
vec4(1.000000, -0.000000, 0.000000, -0.000000)
vec4(-0.000000, 0.998053, -0.062378, 0.000000)
vec4(0.000000, 0.062378, 0.998053, -0.000000)
vec4(0.000000, 100.000008, 800.000061, 1.000000)
Matrix end
Bad: 
Matrix begin
vec4(-1.000000, 0.000000, 0.000000, 0.000000)
vec4(-0.000000, -1.000000, -0.000000, 0.000000)
vec4(0.000000, 0.000000, -1.000000, 0.000000)
vec4(0.000000, 100.000000, 800.000000, 1.000000)
Matrix end
Calling A4_Render(
	SceneNode:[name:scene, id:0]
	Image(width:256, height:256)
	eye:  vec3(0.000000, 0.000000, 0.000000)
	view: vec3(0.000000, 0.000000, -1.000000)
	up:   vec3(0.000000, 1.000000, 0.000000)
	fovy: 50
	ambient: vec3(0.300000, 0.300000, 0.300000)
	lights{
		L[vec3(0.900000, 0.900000, 0.900000), vec3(-100.000000, 150.000000, -400.000000), 1, 0, 0]
		L[vec3(0.700000, 0.000000, 0.700000), vec3(400.000000, 100.000000, -650.000000), 1, 0, 0]
	}
)
Good: 
Matrix begin
vec4(1.000000, -0.000000, 0.000000, -0.000000)
vec4(-0.000000, 1.000000, -0.000000, 0.000000)
vec4(0.000000, -0.000000, 1.000000, -0.000000)
vec4(0.000000, 0.000000, -0.000000, 1.000000)
Matrix end
Bad: 
Matrix begin
vec4(-1.000000, 0.000000, 0.000000, 0.000000)
vec4(-0.000000, -1.000000, -0.000000, 0.000000)
vec4(0.000000, 0.000000, -1.000000, 0.000000)
vec4(0.000000, 0.000000, 0.000000, 1.000000)
Matrix end
Calling A4_Render(
	SceneNode:[name:root, id:0]
	Image(width:512, height:512)
	eye:  vec3(0.000000, 0.000000, 800.000000)
	view: vec3(0.000000, 0.000000, -1.000000)
	up:   vec3(0.000000, 1.000000, 0.000000)
	fovy: 50
	ambient: vec3(0.300000, 0.300000, 0.300000)
	lights{
		L[vec3(0.900000, 0.900000, 0.900000), vec3(-100.000000, 150.000000, 400.000000), 1, 0, 0]
		L[vec3(0.700000, 0.000000, 0.700000), vec3(400.000000, 100.000000, 150.000000), 1, 0, 0]
	}
)
Good: 
Matrix begin
vec4(1.000000, -0.000000, 0.000000, -0.000000)
vec4(-0.000000, 1.000000, -0.000000, 0.000000)
vec4(0.000000, -0.000000, 1.000000, -0.000000)
vec4(0.000000, 0.000000, 800.000000, 1.000000)
Matrix end
Bad: 
Matrix begin
vec4(-1.000000, 0.000000, 0.000000, 0.000000)
vec4(-0.000000, -1.000000, -0.000000, 0.000000)
vec4(0.000000, 0.000000, -1.000000, 0.000000)
vec4(0.000000, 0.000000, 800.000000, 1.000000)
Matrix end
Calling A4_Render(
	SceneNode:[name:root, id:0]
	Image(width:512, height:512)
	eye:  vec3(0.000000, 100.000000, 800.000000)
	view: vec3(0.000000, 0.000000, -800.000000)
	up:   vec3(0.000000, 1.000000, 0.000000)
	fovy: 50
	ambient: vec3(0.300000, 0.300000, 0.300000)
	lights{
		L[vec3(0.900000, 0.900000, 0.900000), vec3(-100.000000, 200.000000, 500.000000), 1, 0, 0]
	}
)
Good: 
Matrix begin
vec4(1.000000, -0.000000, 0.000000, -0.000000)
vec4(-0.000000, 0.998053, -0.062378, 0.000000)
vec4(0.000000, 0.062378, 0.998053, -0.000000)
vec4(0.000000, 100.000008, 800.000061, 1.000000)
Matrix end
Bad: 
Matrix begin
vec4(-1.000000, 0.000000, 0.000000, 0.000000)
vec4(-0.000000, -1.000000, -0.000000, 0.000000)
vec4(0.000000, 0.000000, -1.000000, 0.000000)
vec4(0.000000, 100.000000, 800.000000, 1.000000)
Matrix end
Calling A4_Render(
	SceneNode:[name:scene, id:0]
	Image(width:512, height:512)
	eye:  vec3(0.000000, 0.000000, 800.000000)
	view: vec3(0.000000, 0.000000, -1.000000)
	up:   vec3(0.000000, 1.000000, 0.000000)
	fovy: 50
	ambient: vec3(0.300000, 0.300000, 0.300000)
	lights{
		L[vec3(0.700000, 0.700000, 0.700000), vec3(-400.000000, 300.000000, 600.000000), 1, 0, 0]
		L[vec3(0.700000, 0.700000, 0.500000), vec3(150.000000, 300.000000, -600.000000), 1, 0, 0]
	}
)
Good: 
Matrix begin
vec4(1.000000, -0.000000, 0.000000, -0.000000)
vec4(-0.000000, 1.000000, -0.000000, 0.000000)
vec4(0.000000, -0.000000, 1.000000, -0.000000)
vec4(0.000000, 0.000000, 800.000000, 1.000000)
Matrix end
Bad: 
Matrix begin
vec4(-1.000000, 0.000000, 0.000000, 0.000000)
vec4(-0.000000, -1.000000, -0.000000, 0.000000)
vec4(0.000000, 0.000000, -1.000000, 0.000000)
vec4(0.000000, 0.000000, 800.000000, 1.000000)
Matrix end
